<?xml version="1.0" encoding="UTF-8"?>
<!-- Generated by org.testng.reporters.JUnitXMLReporter -->
<testsuite ignored="5" hostname="LAPTOP-H1444TJK" failures="0" tests="3" name="parameter testing grouping " time="52.339" errors="0" timestamp="2023-04-26T09:05:43 GST">
  <testcase classname="com.qalegendbilling.testscript.LoginTest" name="TC001_verifyLoginPageTitle" time="0.823"/>
  <testcase classname="com.qalegendbilling.testscript.LoginTest" name="TC005_verifyTheResetPasswordErrorInMailId" time="1.903"/>
  <testcase classname="com.qalegendbilling.testscript.HomeTest" name="TC006_verifyHomePageTitle" time="3.934"/>
  <testcase classname="com.qalegendbilling.testscript.LoginTest" name="TC003_verifyInValidUserCredentials" time="0.0">
    <ignored/>
  </testcase> <!-- TC003_verifyInValidUserCredentials -->
  <testcase classname="com.qalegendbilling.testscript.HomeTest" name="TC009_verifyTheUserManagementSubTabs" time="0.0">
    <ignored/>
  </testcase> <!-- TC009_verifyTheUserManagementSubTabs -->
  <testcase classname="com.qalegendbilling.testscript.LoginTest" name="TC004_verifyRemembermeCheckboxIsUnselected" time="0.0">
    <ignored/>
  </testcase> <!-- TC004_verifyRemembermeCheckboxIsUnselected -->
  <testcase classname="com.qalegendbilling.testscript.LoginTest" name="TC002_verifyValidCredentials" time="0.0">
    <ignored/>
  </testcase> <!-- TC002_verifyValidCredentials -->
  <testcase classname="com.qalegendbilling.testscript.HomeTest" name="TC008_verifyFunctionalityofLogoutButton" time="0.0">
    <ignored/>
  </testcase> <!-- TC008_verifyFunctionalityofLogoutButton -->
</testsuite> <!-- parameter testing grouping  -->
