<?xml version="1.0" encoding="UTF-8"?>
<!-- Generated by org.testng.reporters.JUnitXMLReporter -->
<testsuite ignored="1" hostname="LAPTOP-H1444TJK" failures="0" tests="1" name="Default test" time="30.834" errors="0" timestamp="2023-05-02T10:16:20 GST">
  <testcase classname="com.qalegendbilling.testscript.EditUserTest" name="TC018_verifyUserEditDetails" time="15.72"/>
  <testcase classname="com.qalegendbilling.testscript.EditUserTest" name="TC017_verifyEditUserPageTitle" time="0.0">
    <ignored/>
  </testcase> <!-- TC017_verifyEditUserPageTitle -->
</testsuite> <!-- Default test -->
