<?xml version="1.0" encoding="UTF-8"?>
<!-- Generated by org.testng.reporters.JUnitXMLReporter -->
<testsuite ignored="2" hostname="LAPTOP-H1444TJK" failures="0" tests="1" name="edge-parallel testing-methods" time="18.909" errors="0" timestamp="2023-04-26T09:27:13 GST">
  <testcase classname="com.qalegendbilling.testscript.HomeTest" name="TC006_verifyHomePageTitle" time="5.118"/>
  <testcase classname="com.qalegendbilling.testscript.HomeTest" name="TC008_verifyFunctionalityofLogoutButton" time="0.0">
    <ignored/>
  </testcase> <!-- TC008_verifyFunctionalityofLogoutButton -->
  <testcase classname="com.qalegendbilling.testscript.HomeTest" name="TC009_verifyTheUserManagementSubTabs" time="0.0">
    <ignored/>
  </testcase> <!-- TC009_verifyTheUserManagementSubTabs -->
</testsuite> <!-- edge-parallel testing-methods -->
