<?xml version="1.0" encoding="UTF-8"?>
<!-- Generated by org.testng.reporters.JUnitXMLReporter -->
<testsuite ignored="4" hostname="LAPTOP-H1444TJK" failures="0" tests="1" name="chrome Test" time="24.569" errors="0" timestamp="2023-04-26T08:43:39 GST">
  <testcase classname="com.qalegendbilling.testscript.LoginTest" name="TC002_verifyValidCredentials" time="6.236"/>
  <testcase classname="com.qalegendbilling.testscript.LoginTest" name="TC003_verifyInValidUserCredentials" time="0.0">
    <ignored/>
  </testcase> <!-- TC003_verifyInValidUserCredentials -->
  <testcase classname="com.qalegendbilling.testscript.LoginTest" name="TC001_verifyLoginPageTitle" time="0.0">
    <ignored/>
  </testcase> <!-- TC001_verifyLoginPageTitle -->
  <testcase classname="com.qalegendbilling.testscript.LoginTest" name="TC004_verifyRemembermeCheckboxIsUnselected" time="0.0">
    <ignored/>
  </testcase> <!-- TC004_verifyRemembermeCheckboxIsUnselected -->
  <testcase classname="com.qalegendbilling.testscript.LoginTest" name="TC005_verifyTheResetPasswordErrorInMailId" time="0.0">
    <ignored/>
  </testcase> <!-- TC005_verifyTheResetPasswordErrorInMailId -->
</testsuite> <!-- chrome Test -->
