<?xml version="1.0" encoding="UTF-8"?>
<!-- Generated by org.testng.reporters.JUnitXMLReporter -->
<testsuite ignored="4" hostname="LAPTOP-H1444TJK" failures="0" tests="3" name="FireFox Test" time="53.283" errors="0" timestamp="2023-04-26T08:44:33 GST">
  <testcase classname="com.qalegendbilling.testscript.LoginTest" name="TC003_verifyInValidUserCredentials" time="1.555"/>
  <testcase classname="com.qalegendbilling.testscript.LoginTest" name="TC003_verifyInValidUserCredentials" time="1.376"/>
  <testcase classname="com.qalegendbilling.testscript.LoginTest" name="TC003_verifyInValidUserCredentials" time="1.045"/>
  <testcase classname="com.qalegendbilling.testscript.LoginTest" name="TC002_verifyValidCredentials" time="0.0">
    <ignored/>
  </testcase> <!-- TC002_verifyValidCredentials -->
  <testcase classname="com.qalegendbilling.testscript.LoginTest" name="TC001_verifyLoginPageTitle" time="0.0">
    <ignored/>
  </testcase> <!-- TC001_verifyLoginPageTitle -->
  <testcase classname="com.qalegendbilling.testscript.LoginTest" name="TC004_verifyRemembermeCheckboxIsUnselected" time="0.0">
    <ignored/>
  </testcase> <!-- TC004_verifyRemembermeCheckboxIsUnselected -->
  <testcase classname="com.qalegendbilling.testscript.LoginTest" name="TC005_verifyTheResetPasswordErrorInMailId" time="0.0">
    <ignored/>
  </testcase> <!-- TC005_verifyTheResetPasswordErrorInMailId -->
</testsuite> <!-- FireFox Test -->
