<?xml version="1.0" encoding="UTF-8"?>
<testng-results ignored="1" total="2" passed="1" failed="0" skipped="0">
  <reporter-output>
  </reporter-output>
  <suite started-at="2023-05-02T10:15:49 GST" name="Default suite" finished-at="2023-05-02T10:16:20 GST" duration-ms="30834">
    <groups>
      <group name="Sanity">
        <method signature="EditUserTest.TC018_verifyUserEditDetails()[pri:1, instance:com.qalegendbilling.testscript.EditUserTest@298a5e20]" name="TC018_verifyUserEditDetails" class="com.qalegendbilling.testscript.EditUserTest"/>
      </group> <!-- Sanity -->
    </groups>
    <test started-at="2023-05-02T10:15:49 GST" name="Default test" finished-at="2023-05-02T10:16:20 GST" duration-ms="30834">
      <class name="com.qalegendbilling.testscript.EditUserTest">
        <test-method is-config="true" signature="setExtent(org.testng.ITestContext)[pri:0, instance:com.qalegendbilling.testscript.EditUserTest@298a5e20]" started-at="2023-05-02T10:15:49 GST" name="setExtent" finished-at="2023-05-02T10:15:49 GST" duration-ms="210" status="PASS">
          <params>
            <param index="0">
              <value>
                <![CDATA[org.testng.TestRunner@1b9d9a2b]]>
              </value>
            </param>
          </params>
          <reporter-output>
          </reporter-output>
        </test-method> <!-- setExtent -->
        <test-method is-config="true" signature="setUP()[pri:0, instance:com.qalegendbilling.testscript.EditUserTest@298a5e20]" started-at="2023-05-02T10:15:49 GST" name="setUP" finished-at="2023-05-02T10:16:04 GST" duration-ms="15075" status="PASS">
          <reporter-output>
          </reporter-output>
        </test-method> <!-- setUP -->
        <test-method signature="TC018_verifyUserEditDetails()[pri:1, instance:com.qalegendbilling.testscript.EditUserTest@298a5e20]" started-at="2023-05-02T10:16:04 GST" name="TC018_verifyUserEditDetails" description="TC017 verify the edit user details" finished-at="2023-05-02T10:16:20 GST" duration-ms="15720" status="PASS">
          <reporter-output>
          </reporter-output>
        </test-method> <!-- TC018_verifyUserEditDetails -->
        <test-method is-config="true" signature="tearDown(org.testng.ITestResult)[pri:0, instance:com.qalegendbilling.testscript.EditUserTest@298a5e20]" started-at="2023-05-02T10:16:20 GST" name="tearDown" finished-at="2023-05-02T10:16:20 GST" duration-ms="0" status="PASS">
          <params>
            <param index="0">
              <value>
                <![CDATA[[TestResult name=TC018_verifyUserEditDetails status=SUCCESS method=EditUserTest.TC018_verifyUserEditDetails()[pri:1, instance:com.qalegendbilling.testscript.EditUserTest@298a5e20] output={null}]]]>
              </value>
            </param>
          </params>
          <reporter-output>
          </reporter-output>
        </test-method> <!-- tearDown -->
      </class> <!-- com.qalegendbilling.testscript.EditUserTest -->
    </test> <!-- Default test -->
  </suite> <!-- Default suite -->
</testng-results>
